# JRE version: Java(TM) SE Runtime Environment (8.0_221-b11) (build 1.8.0_221-b11)
# Java VM: Java HotSpot(TM) 64-Bit Server VM (25.221-b11 mixed mode windows-amd64 compressed oops)
Heap:
 PSYoungGen      total 270848K, used 216424K [0x000000076b780000, 0x000000078a400000, 0x00000007c0000000)
  eden space 260096K, 79% used [0x000000076b780000,0x000000077805bd78,0x000000077b580000)
  from space 10752K, 99% used [0x000000077b580000,0x000000077bffe4b0,0x000000077c000000)
  to   space 92160K, 0% used [0x0000000784a00000,0x0000000784a00000,0x000000078a400000)
 ParOldGen       total 289280K, used 187257K [0x00000006c2600000, 0x00000006d4080000, 0x000000076b780000)
  object space 289280K, 64% used [0x00000006c2600000,0x00000006cdcde630,0x00000006d4080000)
 Metaspace       used 8608K, capacity 8687K, committed 8832K, reserved 1056768K
  class space    used 827K, capacity 854K, committed 896K, reserved 1048576K
GC Heap History (10 events):
Event: 1.803 GC heap before
{Heap before GC invocations=2 (full 0):
 PSYoungGen      total 75776K, used 75768K [0x000000076b780000, 0x0000000774b80000, 0x00000007c0000000)
  eden space 65024K, 100% used [0x000000076b780000,0x000000076f700000,0x000000076f700000)
  from space 10752K, 99% used [0x000000076f700000,0x000000077017e040,0x0000000770180000)
  to   space 10752K, 0% used [0x0000000774100000,0x0000000774100000,0x0000000774b80000)
 ParOldGen       total 173568K, used 35612K [0x00000006c2600000, 0x00000006ccf80000, 0x000000076b780000)
  object space 173568K, 20% used [0x00000006c2600000,0x00000006c48c70f0,0x00000006ccf80000)
 Metaspace       used 5574K, capacity 6235K, committed 6528K, reserved 1056768K
  class space    used 535K, capacity 560K, committed 640K, reserved 1048576K
Event: 1.823 GC heap after
Heap after GC invocations=2 (full 0):
 PSYoungGen      total 140800K, used 10729K [0x000000076b780000, 0x0000000774b80000, 0x00000007c0000000)
  eden space 130048K, 0% used [0x000000076b780000,0x000000076b780000,0x0000000773680000)
  from space 10752K, 99% used [0x0000000774100000,0x0000000774b7a478,0x0000000774b80000)
  to   space 10752K, 0% used [0x0000000773680000,0x0000000773680000,0x0000000774100000)
 ParOldGen       total 173568K, used 67188K [0x00000006c2600000, 0x00000006ccf80000, 0x000000076b780000)
  object space 173568K, 38% used [0x00000006c2600000,0x00000006c679d0f0,0x00000006ccf80000)
 Metaspace       used 5574K, capacity 6235K, committed 6528K, reserved 1056768K
  class space    used 535K, capacity 560K, committed 640K, reserved 1048576K
}
Event: 1.900 GC heap before
{Heap before GC invocations=3 (full 0):
 PSYoungGen      total 140800K, used 140777K [0x000000076b780000, 0x0000000774b80000, 0x00000007c0000000)
  eden space 130048K, 100% used [0x000000076b780000,0x0000000773680000,0x0000000773680000)
  from space 10752K, 99% used [0x0000000774100000,0x0000000774b7a478,0x0000000774b80000)
  to   space 10752K, 0% used [0x0000000773680000,0x0000000773680000,0x0000000774100000)
 ParOldGen       total 173568K, used 67188K [0x00000006c2600000, 0x00000006ccf80000, 0x000000076b780000)
  object space 173568K, 38% used [0x00000006c2600000,0x00000006c679d0f0,0x00000006ccf80000)
 Metaspace       used 5577K, capacity 6235K, committed 6528K, reserved 1056768K
  class space    used 535K, capacity 560K, committed 640K, reserved 1048576K
Event: 1.934 GC heap after
Heap after GC invocations=3 (full 0):
 PSYoungGen      total 140800K, used 10727K [0x000000076b780000, 0x000000077ca80000, 0x00000007c0000000)
  eden space 130048K, 0% used [0x000000076b780000,0x000000076b780000,0x0000000773680000)
  from space 10752K, 99% used [0x0000000773680000,0x00000007740f9c68,0x0000000774100000)
  to   space 10752K, 0% used [0x000000077c000000,0x000000077c000000,0x000000077ca80000)
 ParOldGen       total 173568K, used 145876K [0x00000006c2600000, 0x00000006ccf80000, 0x000000076b780000)
  object space 173568K, 84% used [0x00000006c2600000,0x00000006cb4750f0,0x00000006ccf80000)
 Metaspace       used 5577K, capacity 6235K, committed 6528K, reserved 1056768K
  class space    used 535K, capacity 560K, committed 640K, reserved 1048576K
}
Event: 1.934 GC heap before
{Heap before GC invocations=4 (full 1):
 PSYoungGen      total 140800K, used 10727K [0x000000076b780000, 0x000000077ca80000, 0x00000007c0000000)
  eden space 130048K, 0% used [0x000000076b780000,0x000000076b780000,0x0000000773680000)
  from space 10752K, 99% used [0x0000000773680000,0x00000007740f9c68,0x0000000774100000)
  to   space 10752K, 0% used [0x000000077c000000,0x000000077c000000,0x000000077ca80000)
 ParOldGen       total 173568K, used 145876K [0x00000006c2600000, 0x00000006ccf80000, 0x000000076b780000)
  object space 173568K, 84% used [0x00000006c2600000,0x00000006cb4750f0,0x00000006ccf80000)
 Metaspace       used 5577K, capacity 6235K, committed 6528K, reserved 1056768K
  class space    used 535K, capacity 560K, committed 640K, reserved 1048576K
Event: 2.102 GC heap after
Heap after GC invocations=4 (full 1):
 PSYoungGen      total 140800K, used 0K [0x000000076b780000, 0x000000077ca80000, 0x00000007c0000000)
  eden space 130048K, 0% used [0x000000076b780000,0x000000076b780000,0x0000000773680000)
  from space 10752K, 0% used [0x0000000773680000,0x0000000773680000,0x0000000774100000)
  to   space 10752K, 0% used [0x000000077c000000,0x000000077c000000,0x000000077ca80000)
 ParOldGen       total 289280K, used 120275K [0x00000006c2600000, 0x00000006d4080000, 0x000000076b780000)
  object space 289280K, 41% used [0x00000006c2600000,0x00000006c9b74d38,0x00000006d4080000)
 Metaspace       used 5577K, capacity 6235K, committed 6528K, reserved 1056768K
  class space    used 535K, capacity 560K, committed 640K, reserved 1048576K
}
Event: 2.681 GC heap before
{Heap before GC invocations=5 (full 1):
 PSYoungGen      total 140800K, used 130048K [0x000000076b780000, 0x000000077ca80000, 0x00000007c0000000)
  eden space 130048K, 100% used [0x000000076b780000,0x0000000773680000,0x0000000773680000)
  from space 10752K, 0% used [0x0000000773680000,0x0000000773680000,0x0000000774100000)
  to   space 10752K, 0% used [0x000000077c000000,0x000000077c000000,0x000000077ca80000)
 ParOldGen       total 289280K, used 120275K [0x00000006c2600000, 0x00000006d4080000, 0x000000076b780000)
  object space 289280K, 41% used [0x00000006c2600000,0x00000006c9b74d38,0x00000006d4080000)
 Metaspace       used 5593K, capacity 6235K, committed 6528K, reserved 1056768K
  class space    used 535K, capacity 560K, committed 640K, reserved 1048576K
Event: 2.716 GC heap after
Heap after GC invocations=5 (full 1):
 PSYoungGen      total 218624K, used 10740K [0x000000076b780000, 0x000000077ca80000, 0x00000007c0000000)
  eden space 207872K, 0% used [0x000000076b780000,0x000000076b780000,0x0000000778280000)
  from space 10752K, 99% used [0x000000077c000000,0x000000077ca7d098,0x000000077ca80000)
  to   space 10752K, 0% used [0x000000077b580000,0x000000077b580000,0x000000077c000000)
 ParOldGen       total 289280K, used 173835K [0x00000006c2600000, 0x00000006d4080000, 0x000000076b780000)
  object space 289280K, 60% used [0x00000006c2600000,0x00000006ccfc2d38,0x00000006d4080000)
 Metaspace       used 5593K, capacity 6235K, committed 6528K, reserved 1056768K
  class space    used 535K, capacity 560K, committed 640K, reserved 1048576K
}
Event: 3.461 GC heap before
{Heap before GC invocations=6 (full 1):
 PSYoungGen      total 218624K, used 218612K [0x000000076b780000, 0x000000077ca80000, 0x00000007c0000000)
  eden space 207872K, 100% used [0x000000076b780000,0x0000000778280000,0x0000000778280000)
  from space 10752K, 99% used [0x000000077c000000,0x000000077ca7d098,0x000000077ca80000)
  to   space 10752K, 0% used [0x000000077b580000,0x000000077b580000,0x000000077c000000)
 ParOldGen       total 289280K, used 173835K [0x00000006c2600000, 0x00000006d4080000, 0x000000076b780000)
  object space 289280K, 60% used [0x00000006c2600000,0x00000006ccfc2d38,0x00000006d4080000)
 Metaspace       used 5699K, capacity 6267K, committed 6528K, reserved 1056768K
  class space    used 544K, capacity 592K, committed 640K, reserved 1048576K
Event: 3.474 GC heap after
Heap after GC invocations=6 (full 1):
 PSYoungGen      total 270848K, used 10745K [0x000000076b780000, 0x000000078a400000, 0x00000007c0000000)
  eden space 260096K, 0% used [0x000000076b780000,0x000000076b780000,0x000000077b580000)
  from space 10752K, 99% used [0x000000077b580000,0x000000077bffe4b0,0x000000077c000000)
  to   space 92160K, 0% used [0x0000000784a00000,0x0000000784a00000,0x000000078a400000)
 ParOldGen       total 289280K, used 187257K [0x00000006c2600000, 0x00000006d4080000, 0x000000076b780000)
  object space 289280K, 64% used [0x00000006c2600000,0x00000006cdcde630,0x00000006d4080000)
 Metaspace       used 5699K, capacity 6267K, committed 6528K, reserved 1056768K
  class space    used 544K, capacity 592K, committed 640K, reserved 1048576K
}

